<?xml version="1.0" encoding="UTF-8"?>
<!-- Generated by org.testng.reporters.JUnitXMLReporter -->
<testsuite ignored="0" hostname="PavanKaparthi" failures="1" tests="11" name="Test" time="0.148" errors="0" timestamp="2024-02-24T07:59:24 IST">
  <testcase classname="testcases.TestClass1" name="testCase_001" time="0.021"/>
  <testcase classname="testcases.TestClass1" name="testCase_001" time="0.002"/>
  <testcase classname="testcases.TestClass1" name="testCase_001" time="0.001"/>
  <testcase classname="testcases.TestClass1" name="testCase_002" time="0.002">
    <failure type="java.lang.AssertionError" message="TestCase_002 failed..! expected [true] but found [false]">
      <![CDATA[java.lang.AssertionError: TestCase_002 failed..! expected [true] but found [false]
at testcases.TestClass1.testCase_002(TestClass1.java:19)
at java.base/java.util.ArrayList.forEach(ArrayList.java:1511)
... Removed 30 stack frames]]>
    </failure>
  </testcase> <!-- testCase_002 -->
  <testcase classname="testcases.TestClass1" name="testCase_003" time="0.001"/>
  <testcase classname="testcases.TestClass2" name="testCase_004" time="0.002"/>
  <testcase classname="testcases.TestClass2" name="testCase_005" time="0.005"/>
  <testcase classname="testcases.TestClass2" name="testCase_006" time="0.005"/>
  <testcase classname="testcases.TestClass3" name="testCase_007" time="0.004"/>
  <testcase classname="testcases.TestClass3" name="testCase_008" time="0.001"/>
  <testcase classname="testcases.TestClass3" name="testCase_009" time="0.001"/>
</testsuite> <!-- Test -->
